Determining if the pthread_create exist failed with the following output:
Change Dir: /home/racecar/team-ws/build/CMakeFiles/CMakeTmp

Run Build Command:/usr/bin/make "cmTryCompileExec3232859852/fast"
/usr/bin/make -f CMakeFiles/cmTryCompileExec3232859852.dir/build.make CMakeFiles/cmTryCompileExec3232859852.dir/build
make[1]: Entering directory `/home/racecar/team-ws/build/CMakeFiles/CMakeTmp'
/usr/bin/cmake -E cmake_progress_report /home/racecar/team-ws/build/CMakeFiles/CMakeTmp/CMakeFiles 1
Building C object CMakeFiles/cmTryCompileExec3232859852.dir/CheckSymbolExists.c.o
/usr/bin/cc    -o CMakeFiles/cmTryCompileExec3232859852.dir/CheckSymbolExists.c.o   -c /home/racecar/team-ws/build/CMakeFiles/CMakeTmp/CheckSymbolExists.c
Linking C executable cmTryCompileExec3232859852
/usr/bin/cmake -E cmake_link_script CMakeFiles/cmTryCompileExec3232859852.dir/link.txt --verbose=1
/usr/bin/cc       CMakeFiles/cmTryCompileExec3232859852.dir/CheckSymbolExists.c.o  -o cmTryCompileExec3232859852 -rdynamic 
CMakeFiles/cmTryCompileExec3232859852.dir/CheckSymbolExists.c.o: In function `main':
CheckSymbolExists.c:(.text+0xa): undefined reference to `pthread_create'
collect2: error: ld returned 1 exit status
make[1]: Leaving directory `/home/racecar/team-ws/build/CMakeFiles/CMakeTmp'
make[1]: *** [cmTryCompileExec3232859852] Error 1
make: *** [cmTryCompileExec3232859852/fast] Error 2

File /home/racecar/team-ws/build/CMakeFiles/CMakeTmp/CheckSymbolExists.c:
/* */
#include <pthread.h>

int main(int argc, char** argv)
{
  (void)argv;
#ifndef pthread_create
  return ((int*)(&pthread_create))[argc];
#else
  (void)argc;
  return 0;
#endif
}

Determining if the function pthread_create exists in the pthreads failed with the following output:
Change Dir: /home/racecar/team-ws/build/CMakeFiles/CMakeTmp

Run Build Command:/usr/bin/make "cmTryCompileExec2895550003/fast"
/usr/bin/make -f CMakeFiles/cmTryCompileExec2895550003.dir/build.make CMakeFiles/cmTryCompileExec2895550003.dir/build
make[1]: Entering directory `/home/racecar/team-ws/build/CMakeFiles/CMakeTmp'
/usr/bin/cmake -E cmake_progress_report /home/racecar/team-ws/build/CMakeFiles/CMakeTmp/CMakeFiles 1
Building C object CMakeFiles/cmTryCompileExec2895550003.dir/CheckFunctionExists.c.o
/usr/bin/cc   -DCHECK_FUNCTION_EXISTS=pthread_create   -o CMakeFiles/cmTryCompileExec2895550003.dir/CheckFunctionExists.c.o   -c /usr/share/cmake-2.8/Modules/CheckFunctionExists.c
Linking C executable cmTryCompileExec2895550003
/usr/bin/cmake -E cmake_link_script CMakeFiles/cmTryCompileExec2895550003.dir/link.txt --verbose=1
/usr/bin/cc   -DCHECK_FUNCTION_EXISTS=pthread_create    CMakeFiles/cmTryCompileExec2895550003.dir/CheckFunctionExists.c.o  -o cmTryCompileExec2895550003 -rdynamic -lpthreads 
/usr/bin/ld: cannot find -lpthreads
collect2: error: ld returned 1 exit status
make[1]: Leaving directory `/home/racecar/team-ws/build/CMakeFiles/CMakeTmp'
make[1]: *** [cmTryCompileExec2895550003] Error 1
make: *** [cmTryCompileExec2895550003/fast] Error 2


